PHPUnit 3.4.1 by Sebastian Bergmann.

Test Suite
 CoreTests
 ....

 ClearCompiledTests
 ..........

 ClearCacheTests
 .....

 StringResourceTests
 ..................

 FileResourceTests
 ..................................

 DoubleQuotedStringTests
 ..................

 CompileAssignTests
 ......................

 AttributeTests
 ....

 AppendByRefTests
 .....

 AppendTests
 ......

 ArrayTests
 ...............

 AssignByRefTests
 ..

 AssignGlobalTests
 ....

 AssignTests
 ..

 CacheResourceCustomMemcacheTests
 .................

 CacheResourceCustomMysqlTests
 .................

 CacheResourceCustomRegisteredTests
 .................

 CacheResourceFileTests
 ....................

 ClearAllAssignTests
 .....

 ClearAssignTests
 .....

 CommentsTests
 .........

 CompileAppendTests
 ..

 CompileBlockExtendsTests
 .............................

 CompileBlockPluginTests
 .........

 CompileCaptureTests
 ..........

 CompileCompilerPluginTests
 ..

 CompileDebugTests
 Ehello worldE

 CompileDelimiterTests
 ..

 CompileErrorTests
 .....

 CompileEvalTests
 ...

 CompileForeachTests
 .............................

 CompileForTests
 ....................

 CompileFunctionPluginTests
 ...

 CompileFunctionTests
 ...........

 CompileIfTests
 ...........................................................
 ........

 CompileIncludePHPTests
 ...

 CompileIncludeTests
 ........

 CompileInsertTests
 .............

 CompileNocacheTests
 ...

 CompilePhpTests
 ..................

 CompileRegisteredObjectFunctionTests
 .....

 CompilerPluginTests
 .

 CompileSectionTests
 ......

 CompileStripTests
 .

 CompileWhileTests
 ..

 ConfigVarTests
 .....................................

 ConstantsTests
 .

 DefaultConfigHandlerTests
 ......

 DefaultTemplateHandlerTests
 ....

 DelimiterTests
 ....

 EvalResourceTests
 ...................

 ExtendsResourceTests
 .........

 FilterTests
 ..........

 FunctionTests
 .

 GetTemplateVarsTests
 ......

 HttpModifiedSinceTests
 ...

 IndexedFileResourceTests
 ............

 LoadFilterTests
 .

 ModifierTests
 ................

 ObjectVariableTests
 ...

 OutputFilterTrimWhitespaceTests
 .

 PhpResourceTests
 ..........................

 PluginBlockTextformatTests
 ..............

 PluginFunctionHtmlSelectDateTests
 ......................

 PluginFunctionMailtoTests
 ..................

 PluginModifierCapitalizeTests
 ......

 PluginModifierCharsetTests
 ........

 PluginModifierCountCharactersTests
 ........

 PluginModifierCountSentencesTests
 ...

 PluginModifierCountWordsTests
 ......

 PluginModifierEscapeTests
 ........................

 PluginModifierLowerTests
 ....

 PluginModifierRegexReplaceTests
 ...

 PluginModifierSpacifyTests
 ..

 PluginModifierStripTests
 ...

 PluginModifierTruncateTests
 ..............

 PluginModifierUnescapeTests
 ....

 PluginModifierUpperTests
 ....

 PluginModifierWordwrapTests
 .................

 PrintNocacheTests
 ....

 RegisterBlockTests
 ...................

 RegisterCompilerFunctionTests
 ......

 RegisteredResourceTests
 ..

 RegisterFilterTests
 .............

 RegisterFunctionTests
 ...........

 RegisterModifierTests
 ......

 ResourcePluginTests
 ...........

 SecurityTests
 .................EFE..EE

 SharedFunctionsTests
 .

 SingleQuotedStringTests
 ......

 SpacingTests
 ............

 StaticClassAccessTests
 ..........

 StreamResourceTests
 ......................

 StreamVariableTests
 .

 TemplateExistsTests
 ..

 TernaryTests
 .....................

 VariableScopeTests
 ................

 VariableVariableTests
 ....

 XmlTests
 ......

Time: 33 seconds

There were 6 errors:

1) CompileDebugTests::testDebugTag
SmartyException: Unable to load template file '../../distribution/libs/debug.tpl'

/Users/rrehm/Projekte/test.dev/htdocs/smarty/playground/distribution/libs/sysplugins/smarty_internal_template.php:414
/Users/rrehm/Projekte/test.dev/htdocs/smarty/playground/distribution/libs/sysplugins/smarty_internal_debug.php:110
/Users/rrehm/Projekte/test.dev/htdocs/smarty/playground/distribution/libs/sysplugins/smarty_internal_template.php:301
/Users/rrehm/Projekte/test.dev/htdocs/smarty/playground/distribution/libs/sysplugins/smarty_internal_template.php:432
/Users/rrehm/Projekte/test.dev/htdocs/smarty/playground/distribution/libs/Smarty.class.php:339
/Users/rrehm/Projekte/test.dev/htdocs/smarty/playground/development/PHPunit/CompileDebugTests.php:32

2) CompileDebugTests::testDebugProperty
SmartyException: Unable to load template file '../../distribution/libs/debug.tpl'

/Users/rrehm/Projekte/test.dev/htdocs/smarty/playground/distribution/libs/sysplugins/smarty_internal_template.php:414
/Users/rrehm/Projekte/test.dev/htdocs/smarty/playground/distribution/libs/sysplugins/smarty_internal_debug.php:110
/Users/rrehm/Projekte/test.dev/htdocs/smarty/playground/distribution/libs/Smarty.class.php:387
/Users/rrehm/Projekte/test.dev/htdocs/smarty/playground/distribution/libs/Smarty.class.php:407
/Users/rrehm/Projekte/test.dev/htdocs/smarty/playground/development/PHPunit/CompileDebugTests.php:43

3) SecurityTests::testTrustedDirectory
SmartyException: Unable to load template file './templates_2/hello.tpl'

/Users/rrehm/Projekte/test.dev/htdocs/smarty/playground/distribution/libs/sysplugins/smarty_internal_template.php:414
/Users/rrehm/Projekte/test.dev/htdocs/smarty/playground/distribution/libs/sysplugins/smarty_internal_template.php:301
/Users/rrehm/Projekte/test.dev/htdocs/smarty/playground/distribution/libs/sysplugins/smarty_internal_template.php:432
/Users/rrehm/Projekte/test.dev/htdocs/smarty/playground/distribution/libs/Smarty.class.php:339
/Users/rrehm/Projekte/test.dev/htdocs/smarty/playground/development/PHPunit/SecurityTests.php:195

4) SecurityTests::testDisabledTrustedDirectory
SmartyException: Unable to load template file './templates_2/hello.tpl'

/Users/rrehm/Projekte/test.dev/htdocs/smarty/playground/distribution/libs/sysplugins/smarty_internal_template.php:414
/Users/rrehm/Projekte/test.dev/htdocs/smarty/playground/distribution/libs/sysplugins/smarty_internal_template.php:301
/Users/rrehm/Projekte/test.dev/htdocs/smarty/playground/distribution/libs/sysplugins/smarty_internal_template.php:432
/Users/rrehm/Projekte/test.dev/htdocs/smarty/playground/distribution/libs/Smarty.class.php:339
/Users/rrehm/Projekte/test.dev/htdocs/smarty/playground/development/PHPunit/SecurityTests.php:219

5) SecurityTests::testChangedTrustedDirectory
SmartyException: Unable to load template file './templates_2/hello.tpl'

/Users/rrehm/Projekte/test.dev/htdocs/smarty/playground/distribution/libs/sysplugins/smarty_internal_template.php:414
/Users/rrehm/Projekte/test.dev/htdocs/smarty/playground/distribution/libs/sysplugins/smarty_internal_template.php:301
/Users/rrehm/Projekte/test.dev/htdocs/smarty/playground/distribution/libs/sysplugins/smarty_internal_template.php:432
/Users/rrehm/Projekte/test.dev/htdocs/smarty/playground/distribution/libs/Smarty.class.php:339
/Users/rrehm/Projekte/test.dev/htdocs/smarty/playground/development/PHPunit/SecurityTests.php:255

6) SecurityTests::testChangedNotTrustedDirectory
SmartyException: Unable to load template file './templates_2/hello.tpl'

/Users/rrehm/Projekte/test.dev/htdocs/smarty/playground/distribution/libs/sysplugins/smarty_internal_template.php:414
/Users/rrehm/Projekte/test.dev/htdocs/smarty/playground/distribution/libs/sysplugins/smarty_internal_template.php:301
/Users/rrehm/Projekte/test.dev/htdocs/smarty/playground/distribution/libs/sysplugins/smarty_internal_template.php:432
/Users/rrehm/Projekte/test.dev/htdocs/smarty/playground/distribution/libs/Smarty.class.php:339
/Users/rrehm/Projekte/test.dev/htdocs/smarty/playground/development/PHPunit/SecurityTests.php:269

--


There was 1 failure:

1) SecurityTests::testNotTrustedDirectory
Failed asserting that <string:Unable to load template file './templates_2/hello.tpl'> contains "/PHPunit/templates_2/hello.tpl' not allowed by security setting".

/Users/rrehm/Projekte/test.dev/htdocs/smarty/playground/development/PHPunit/SecurityTests.php:207

FAILURES!
Tests: 1009, Assertions: 1561, Failures: 1, Errors: 6.
